{"context":"NestFactory","level":"info","message":"Starting Nest application...","timestamp":"2026-02-06T20:04:12.323Z"}
{"context":"InstanceLoader","level":"info","message":"TypeOrmModule dependencies initialized","timestamp":"2026-02-06T20:04:12.352Z"}
{"context":"InstanceLoader","level":"info","message":"ConfigHostModule dependencies initialized","timestamp":"2026-02-06T20:04:12.353Z"}
{"context":"InstanceLoader","level":"info","message":"ThrottlerModule dependencies initialized","timestamp":"2026-02-06T20:04:12.353Z"}
{"context":"InstanceLoader","level":"info","message":"DiscoveryModule dependencies initialized","timestamp":"2026-02-06T20:04:12.354Z"}
{"context":"InstanceLoader","level":"info","message":"AppModule dependencies initialized","timestamp":"2026-02-06T20:04:12.358Z"}
{"context":"InstanceLoader","level":"info","message":"ConfigModule dependencies initialized","timestamp":"2026-02-06T20:04:12.358Z"}
{"context":"InstanceLoader","level":"info","message":"ScheduleModule dependencies initialized","timestamp":"2026-02-06T20:04:12.358Z"}
{"context":"InstanceLoader","level":"info","message":"ScheduleModule dependencies initialized","timestamp":"2026-02-06T20:04:12.359Z"}
{"context":"InstanceLoader","level":"info","message":"TerminusModule dependencies initialized","timestamp":"2026-02-06T20:04:12.360Z"}
{"context":"InstanceLoader","level":"info","message":"SharedModule dependencies initialized","timestamp":"2026-02-06T20:04:12.432Z"}
{"context":"InstanceLoader","level":"info","message":"HealthModule dependencies initialized","timestamp":"2026-02-06T20:04:12.432Z"}
{"context":"TypeOrmModule","level":"error","message":"Unable to connect to the database. Retrying (1)...","stack":["AggregateError [ECONNREFUSED]: \n    at internalConnectMultiple (node:net:1134:18)\n    at afterConnectMultiple (node:net:1715:7)"],"timestamp":"2026-02-06T20:04:12.447Z"}
{"context":"TypeOrmModule","level":"error","message":"Unable to connect to the database. Retrying (2)...","stack":["AggregateError [ECONNREFUSED]: \n    at internalConnectMultiple (node:net:1134:18)\n    at afterConnectMultiple (node:net:1715:7)"],"timestamp":"2026-02-06T20:04:15.463Z"}
{"context":"TypeOrmModule","level":"error","message":"Unable to connect to the database. Retrying (3)...","stack":["AggregateError [ECONNREFUSED]: \n    at internalConnectMultiple (node:net:1134:18)\n    at afterConnectMultiple (node:net:1715:7)"],"timestamp":"2026-02-06T20:04:18.472Z"}
{"context":"TypeOrmModule","level":"error","message":"Unable to connect to the database. Retrying (4)...","stack":["AggregateError [ECONNREFUSED]: \n    at internalConnectMultiple (node:net:1134:18)\n    at afterConnectMultiple (node:net:1715:7)"],"timestamp":"2026-02-06T20:04:21.494Z"}
{"context":"TypeOrmModule","level":"error","message":"Unable to connect to the database. Retrying (5)...","stack":["AggregateError [ECONNREFUSED]: \n    at internalConnectMultiple (node:net:1134:18)\n    at afterConnectMultiple (node:net:1715:7)"],"timestamp":"2026-02-06T20:04:24.510Z"}
{"context":"NestFactory","level":"info","message":"Starting Nest application...","timestamp":"2026-02-06T20:39:02.319Z"}
{"context":"InstanceLoader","level":"info","message":"TypeOrmModule dependencies initialized","timestamp":"2026-02-06T20:39:02.346Z"}
{"context":"InstanceLoader","level":"info","message":"ConfigHostModule dependencies initialized","timestamp":"2026-02-06T20:39:02.347Z"}
{"context":"InstanceLoader","level":"info","message":"ThrottlerModule dependencies initialized","timestamp":"2026-02-06T20:39:02.348Z"}
{"context":"InstanceLoader","level":"info","message":"DiscoveryModule dependencies initialized","timestamp":"2026-02-06T20:39:02.349Z"}
{"context":"InstanceLoader","level":"info","message":"AppModule dependencies initialized","timestamp":"2026-02-06T20:39:02.353Z"}
{"context":"InstanceLoader","level":"info","message":"ConfigModule dependencies initialized","timestamp":"2026-02-06T20:39:02.353Z"}
{"context":"InstanceLoader","level":"info","message":"ScheduleModule dependencies initialized","timestamp":"2026-02-06T20:39:02.353Z"}
{"context":"InstanceLoader","level":"info","message":"ScheduleModule dependencies initialized","timestamp":"2026-02-06T20:39:02.355Z"}
{"context":"InstanceLoader","level":"info","message":"TerminusModule dependencies initialized","timestamp":"2026-02-06T20:39:02.356Z"}
{"context":"InstanceLoader","level":"info","message":"SharedModule dependencies initialized","timestamp":"2026-02-06T20:39:02.433Z"}
{"context":"InstanceLoader","level":"info","message":"HealthModule dependencies initialized","timestamp":"2026-02-06T20:39:02.434Z"}
{"context":"InstanceLoader","level":"info","message":"TypeOrmCoreModule dependencies initialized","timestamp":"2026-02-06T20:39:02.686Z"}
{"context":"InstanceLoader","level":"info","message":"TypeOrmModule dependencies initialized","timestamp":"2026-02-06T20:39:02.686Z"}
{"context":"InstanceLoader","level":"info","message":"TypeOrmModule dependencies initialized","timestamp":"2026-02-06T20:39:02.687Z"}
{"context":"InstanceLoader","level":"info","message":"SessionsModule dependencies initialized","timestamp":"2026-02-06T20:39:02.687Z"}
{"context":"InstanceLoader","level":"info","message":"BookingsModule dependencies initialized","timestamp":"2026-02-06T20:39:02.688Z"}
{"context":"RoutesResolver","level":"info","message":"SessionsController {/api/sessions}:","timestamp":"2026-02-06T20:39:02.724Z"}
{"context":"RouterExplorer","level":"info","message":"Mapped {/api/sessions, POST} route","timestamp":"2026-02-06T20:39:02.728Z"}
{"context":"RouterExplorer","level":"info","message":"Mapped {/api/sessions, GET} route","timestamp":"2026-02-06T20:39:02.729Z"}
{"context":"RouterExplorer","level":"info","message":"Mapped {/api/sessions/:id/availability, GET} route","timestamp":"2026-02-06T20:39:02.730Z"}
{"context":"RoutesResolver","level":"info","message":"BookingsController {/api/bookings}:","timestamp":"2026-02-06T20:39:02.731Z"}
{"context":"RouterExplorer","level":"info","message":"Mapped {/api/bookings/reserve, POST} route","timestamp":"2026-02-06T20:39:02.732Z"}
{"context":"RouterExplorer","level":"info","message":"Mapped {/api/bookings/confirm, POST} route","timestamp":"2026-02-06T20:39:02.732Z"}
{"context":"RouterExplorer","level":"info","message":"Mapped {/api/bookings/user/:userId, GET} route","timestamp":"2026-02-06T20:39:02.733Z"}
{"context":"RouterExplorer","level":"info","message":"Mapped {/api/bookings/reservation/:id, GET} route","timestamp":"2026-02-06T20:39:02.734Z"}
{"context":"RoutesResolver","level":"info","message":"HealthController {/api/health}:","timestamp":"2026-02-06T20:39:02.734Z"}
{"context":"RouterExplorer","level":"info","message":"Mapped {/api/health, GET} route","timestamp":"2026-02-06T20:39:02.735Z"}
{"context":"RedisLockService","level":"info","message":"Redis client initialized","timestamp":"2026-02-06T20:39:02.741Z"}
{"context":"KafkaProducerService","level":"info","message":"Kafka producer connected","timestamp":"2026-02-06T20:39:02.766Z"}
{"context":"KafkaConsumerService","level":"info","message":"Consumer subscribed to booking.reserved with group expiry-worker-group","timestamp":"2026-02-06T20:39:08.094Z"}
{"context":"ReservationExpiryWorker","level":"info","message":"Reservation expiry worker initialized","timestamp":"2026-02-06T20:39:08.095Z"}
{"context":"NestApplication","level":"info","message":"Nest application successfully started","timestamp":"2026-02-06T20:39:08.133Z"}
{"level":"info","message":"Application is running on: http://localhost:3000/api","timestamp":"2026-02-06T20:39:08.141Z"}
{"level":"info","message":"Swagger docs: http://localhost:3000/api/docs","timestamp":"2026-02-06T20:39:08.142Z"}
{"level":"info","message":"Health check: http://localhost:3000/api/health","timestamp":"2026-02-06T20:39:08.142Z"}
{"context":"NestFactory","level":"info","message":"Starting Nest application...","timestamp":"2026-02-06T20:40:16.819Z"}
{"context":"InstanceLoader","level":"info","message":"TypeOrmModule dependencies initialized","timestamp":"2026-02-06T20:40:16.858Z"}
{"context":"InstanceLoader","level":"info","message":"ConfigHostModule dependencies initialized","timestamp":"2026-02-06T20:40:16.859Z"}
{"context":"InstanceLoader","level":"info","message":"ThrottlerModule dependencies initialized","timestamp":"2026-02-06T20:40:16.860Z"}
{"context":"InstanceLoader","level":"info","message":"DiscoveryModule dependencies initialized","timestamp":"2026-02-06T20:40:16.860Z"}
{"context":"InstanceLoader","level":"info","message":"AppModule dependencies initialized","timestamp":"2026-02-06T20:40:16.864Z"}
{"context":"InstanceLoader","level":"info","message":"ConfigModule dependencies initialized","timestamp":"2026-02-06T20:40:16.865Z"}
{"context":"InstanceLoader","level":"info","message":"ScheduleModule dependencies initialized","timestamp":"2026-02-06T20:40:16.865Z"}
{"context":"InstanceLoader","level":"info","message":"ScheduleModule dependencies initialized","timestamp":"2026-02-06T20:40:16.866Z"}
{"context":"InstanceLoader","level":"info","message":"TerminusModule dependencies initialized","timestamp":"2026-02-06T20:40:16.867Z"}
{"context":"InstanceLoader","level":"info","message":"SharedModule dependencies initialized","timestamp":"2026-02-06T20:40:16.931Z"}
{"context":"InstanceLoader","level":"info","message":"HealthModule dependencies initialized","timestamp":"2026-02-06T20:40:16.931Z"}
{"context":"InstanceLoader","level":"info","message":"TypeOrmCoreModule dependencies initialized","timestamp":"2026-02-06T20:40:17.163Z"}
{"context":"InstanceLoader","level":"info","message":"TypeOrmModule dependencies initialized","timestamp":"2026-02-06T20:40:17.163Z"}
{"context":"InstanceLoader","level":"info","message":"TypeOrmModule dependencies initialized","timestamp":"2026-02-06T20:40:17.164Z"}
{"context":"InstanceLoader","level":"info","message":"SessionsModule dependencies initialized","timestamp":"2026-02-06T20:40:17.165Z"}
{"context":"InstanceLoader","level":"info","message":"BookingsModule dependencies initialized","timestamp":"2026-02-06T20:40:17.165Z"}
{"context":"RoutesResolver","level":"info","message":"SessionsController {/api/sessions}:","timestamp":"2026-02-06T20:40:17.200Z"}
{"context":"RouterExplorer","level":"info","message":"Mapped {/api/sessions, POST} route","timestamp":"2026-02-06T20:40:17.205Z"}
{"context":"RouterExplorer","level":"info","message":"Mapped {/api/sessions, GET} route","timestamp":"2026-02-06T20:40:17.206Z"}
{"context":"RouterExplorer","level":"info","message":"Mapped {/api/sessions/:id/availability, GET} route","timestamp":"2026-02-06T20:40:17.207Z"}
{"context":"RoutesResolver","level":"info","message":"BookingsController {/api/bookings}:","timestamp":"2026-02-06T20:40:17.207Z"}
{"context":"RouterExplorer","level":"info","message":"Mapped {/api/bookings/reserve, POST} route","timestamp":"2026-02-06T20:40:17.208Z"}
{"context":"RouterExplorer","level":"info","message":"Mapped {/api/bookings/confirm, POST} route","timestamp":"2026-02-06T20:40:17.208Z"}
{"context":"RouterExplorer","level":"info","message":"Mapped {/api/bookings/user/:userId, GET} route","timestamp":"2026-02-06T20:40:17.209Z"}
{"context":"RouterExplorer","level":"info","message":"Mapped {/api/bookings/reservation/:id, GET} route","timestamp":"2026-02-06T20:40:17.209Z"}
{"context":"RoutesResolver","level":"info","message":"HealthController {/api/health}:","timestamp":"2026-02-06T20:40:17.210Z"}
{"context":"RouterExplorer","level":"info","message":"Mapped {/api/health, GET} route","timestamp":"2026-02-06T20:40:17.210Z"}
{"context":"RedisLockService","level":"info","message":"Redis client initialized","timestamp":"2026-02-06T20:40:17.216Z"}
{"context":"KafkaProducerService","level":"info","message":"Kafka producer connected","timestamp":"2026-02-06T20:40:17.238Z"}
{"context":"NestFactory","level":"info","message":"Starting Nest application...","timestamp":"2026-02-06T20:40:31.491Z"}
{"context":"InstanceLoader","level":"info","message":"TypeOrmModule dependencies initialized","timestamp":"2026-02-06T20:40:31.518Z"}
{"context":"InstanceLoader","level":"info","message":"ConfigHostModule dependencies initialized","timestamp":"2026-02-06T20:40:31.519Z"}
{"context":"InstanceLoader","level":"info","message":"ThrottlerModule dependencies initialized","timestamp":"2026-02-06T20:40:31.519Z"}
{"context":"InstanceLoader","level":"info","message":"DiscoveryModule dependencies initialized","timestamp":"2026-02-06T20:40:31.520Z"}
{"context":"InstanceLoader","level":"info","message":"AppModule dependencies initialized","timestamp":"2026-02-06T20:40:31.524Z"}
{"context":"InstanceLoader","level":"info","message":"ConfigModule dependencies initialized","timestamp":"2026-02-06T20:40:31.525Z"}
{"context":"InstanceLoader","level":"info","message":"ScheduleModule dependencies initialized","timestamp":"2026-02-06T20:40:31.525Z"}
{"context":"InstanceLoader","level":"info","message":"ScheduleModule dependencies initialized","timestamp":"2026-02-06T20:40:31.526Z"}
{"context":"InstanceLoader","level":"info","message":"TerminusModule dependencies initialized","timestamp":"2026-02-06T20:40:31.526Z"}
{"context":"InstanceLoader","level":"info","message":"SharedModule dependencies initialized","timestamp":"2026-02-06T20:40:31.581Z"}
{"context":"InstanceLoader","level":"info","message":"HealthModule dependencies initialized","timestamp":"2026-02-06T20:40:31.582Z"}
{"context":"InstanceLoader","level":"info","message":"TypeOrmCoreModule dependencies initialized","timestamp":"2026-02-06T20:40:31.792Z"}
{"context":"InstanceLoader","level":"info","message":"TypeOrmModule dependencies initialized","timestamp":"2026-02-06T20:40:31.792Z"}
{"context":"InstanceLoader","level":"info","message":"TypeOrmModule dependencies initialized","timestamp":"2026-02-06T20:40:31.792Z"}
{"context":"InstanceLoader","level":"info","message":"SessionsModule dependencies initialized","timestamp":"2026-02-06T20:40:31.793Z"}
{"context":"InstanceLoader","level":"info","message":"BookingsModule dependencies initialized","timestamp":"2026-02-06T20:40:31.793Z"}
{"context":"RoutesResolver","level":"info","message":"SessionsController {/api/sessions}:","timestamp":"2026-02-06T20:40:31.825Z"}
{"context":"RouterExplorer","level":"info","message":"Mapped {/api/sessions, POST} route","timestamp":"2026-02-06T20:40:31.829Z"}
{"context":"RouterExplorer","level":"info","message":"Mapped {/api/sessions, GET} route","timestamp":"2026-02-06T20:40:31.830Z"}
{"context":"RouterExplorer","level":"info","message":"Mapped {/api/sessions/:id/availability, GET} route","timestamp":"2026-02-06T20:40:31.831Z"}
{"context":"RoutesResolver","level":"info","message":"BookingsController {/api/bookings}:","timestamp":"2026-02-06T20:40:31.832Z"}
{"context":"RouterExplorer","level":"info","message":"Mapped {/api/bookings/reserve, POST} route","timestamp":"2026-02-06T20:40:31.832Z"}
{"context":"RouterExplorer","level":"info","message":"Mapped {/api/bookings/confirm, POST} route","timestamp":"2026-02-06T20:40:31.833Z"}
{"context":"RouterExplorer","level":"info","message":"Mapped {/api/bookings/user/:userId, GET} route","timestamp":"2026-02-06T20:40:31.834Z"}
{"context":"RouterExplorer","level":"info","message":"Mapped {/api/bookings/reservation/:id, GET} route","timestamp":"2026-02-06T20:40:31.834Z"}
{"context":"RoutesResolver","level":"info","message":"HealthController {/api/health}:","timestamp":"2026-02-06T20:40:31.835Z"}
{"context":"RouterExplorer","level":"info","message":"Mapped {/api/health, GET} route","timestamp":"2026-02-06T20:40:31.835Z"}
{"context":"RedisLockService","level":"info","message":"Redis client initialized","timestamp":"2026-02-06T20:40:31.841Z"}
{"context":"KafkaProducerService","level":"info","message":"Kafka producer connected","timestamp":"2026-02-06T20:40:31.864Z"}
{"context":"KafkaConsumerService","level":"info","message":"Consumer subscribed to booking.reserved with group expiry-worker-group","timestamp":"2026-02-06T20:41:05.799Z"}
{"context":"ReservationExpiryWorker","level":"info","message":"Reservation expiry worker initialized","timestamp":"2026-02-06T20:41:05.800Z"}
{"context":"NestApplication","level":"info","message":"Nest application successfully started","timestamp":"2026-02-06T20:41:05.832Z"}
{"level":"info","message":"Application is running on: http://localhost:3000/api","timestamp":"2026-02-06T20:41:05.835Z"}
{"level":"info","message":"Swagger docs: http://localhost:3000/api/docs","timestamp":"2026-02-06T20:41:05.836Z"}
{"level":"info","message":"Health check: http://localhost:3000/api/health","timestamp":"2026-02-06T20:41:05.836Z"}
